<?xml version="1.0" encoding="UTF-8"?>
<testng-results skipped="0" failed="0" ignored="0" total="1" passed="1">
  <reporter-output>
  </reporter-output>
  <suite name="Default suite" duration-ms="25354" started-at="2020-01-16T13:41:41 IST" finished-at="2020-01-16T13:42:06 IST">
    <groups>
    </groups>
    <test name="Default test" duration-ms="25354" started-at="2020-01-16T13:41:41 IST" finished-at="2020-01-16T13:42:06 IST">
      <class name="SeleniumDeloitteDemo.TestNGPriorityMethods">
        <test-method status="PASS" signature="beforeTest()[pri:0, instance:SeleniumDeloitteDemo.TestNGPriorityMethods@2b2948e2]" name="beforeTest" is-config="true" duration-ms="20962" started-at="2020-01-16T13:41:41 IST" finished-at="2020-01-16T13:42:02 IST">
          <reporter-output>
          </reporter-output>
        </test-method> <!-- beforeTest -->
        <test-method status="PASS" signature="checkTitle()[pri:0, instance:SeleniumDeloitteDemo.TestNGPriorityMethods@2b2948e2]" name="checkTitle" duration-ms="17" started-at="2020-01-16T13:42:02 IST" finished-at="2020-01-16T13:42:02 IST">
          <reporter-output>
          </reporter-output>
        </test-method> <!-- checkTitle -->
        <test-method status="PASS" signature="afterTest()[pri:0, instance:SeleniumDeloitteDemo.TestNGPriorityMethods@2b2948e2]" name="afterTest" is-config="true" duration-ms="4336" started-at="2020-01-16T13:42:02 IST" finished-at="2020-01-16T13:42:06 IST">
          <reporter-output>
          </reporter-output>
        </test-method> <!-- afterTest -->
      </class> <!-- SeleniumDeloitteDemo.TestNGPriorityMethods -->
    </test> <!-- Default test -->
  </suite> <!-- Default suite -->
</testng-results>
