<?xml version="1.0" encoding="UTF-8"?>
<testng-results skipped="0" failed="0" ignored="0" total="1" passed="1">
  <reporter-output>
  </reporter-output>
  <suite name="Default suite" duration-ms="7821" started-at="2020-01-15T16:57:06 IST" finished-at="2020-01-15T16:57:14 IST">
    <groups>
    </groups>
    <test name="Default test" duration-ms="7821" started-at="2020-01-15T16:57:06 IST" finished-at="2020-01-15T16:57:14 IST">
      <class name="SeleniumDeloitteDemo.NewTestNG">
        <test-method status="PASS" signature="verifyHomePage()[pri:0, instance:SeleniumDeloitteDemo.NewTestNG@6b09bb57]" name="verifyHomePage" duration-ms="7774" started-at="2020-01-15T16:57:06 IST" finished-at="2020-01-15T16:57:14 IST">
          <reporter-output>
          </reporter-output>
        </test-method> <!-- verifyHomePage -->
      </class> <!-- SeleniumDeloitteDemo.NewTestNG -->
    </test> <!-- Default test -->
  </suite> <!-- Default suite -->
</testng-results>
